{
  "0 debug pnpm:scope": {
    "selected": 1,
    "workspacePrefix": "/Users/sid/code/jotai-experiments"
  },
  "1 error pnpm": {
    "errno": 1,
    "code": "ELIFECYCLE",
    "pkgid": "jotai-experiments-core@",
    "stage": "build",
    "script": "tsup index.ts --format cjs,esm --dts --target=node12.22",
    "pkgname": "jotai-experiments-core",
    "err": {
      "name": "pnpm",
      "message": "jotai-experiments-core@ build: `tsup index.ts --format cjs,esm --dts --target=node12.22`\nExit status 1",
      "code": "ELIFECYCLE",
      "stack": "pnpm: jotai-experiments-core@ build: `tsup index.ts --format cjs,esm --dts --target=node12.22`\nExit status 1\n    at EventEmitter.<anonymous> (/Users/sid/Library/pnpm-global/5/node_modules/.pnpm/pnpm@6.32.10/node_modules/pnpm/dist/pnpm.cjs:105830:20)\n    at EventEmitter.emit (node:events:526:28)\n    at ChildProcess.<anonymous> (/Users/sid/Library/pnpm-global/5/node_modules/.pnpm/pnpm@6.32.10/node_modules/pnpm/dist/pnpm.cjs:92391:18)\n    at ChildProcess.emit (node:events:526:28)\n    at maybeClose (node:internal/child_process:1092:16)\n    at Process.ChildProcess._handle.onexit (node:internal/child_process:302:5)"
    }
  },
  "2 warn pnpm:global": " Local package.json exists, but node_modules missing, did you mean to install?"
}